SF:lib\app\core\network\network_info.dart
DA:9,1
DA:13,1
DA:14,2
LF:3
LH:3
end_of_record
SF:lib\app\features\data\datasources\movie_local_datasource.dart
DA:24,1
DA:26,1
DA:28,2
DA:30,1
DA:31,4
DA:34,1
DA:38,1
DA:41,1
DA:42,1
DA:43,1
DA:44,1
DA:45,1
DA:46,1
DA:47,1
DA:49,1
DA:52,2
DA:54,1
LF:17
LH:17
end_of_record
SF:lib\app\features\data\models\movie_model.dart
DA:4,3
DA:12,3
DA:13,3
DA:14,6
DA:15,3
DA:16,3
DA:17,3
DA:18,6
DA:22,2
DA:23,2
DA:24,2
DA:25,2
DA:26,2
DA:27,2
DA:28,2
LF:15
LH:15
end_of_record
SF:lib\app\core\error\exceptions.dart
DA:4,2
LF:1
LH:1
end_of_record
SF:lib\app\features\domain\entities\movie_entity.dart
DA:9,3
DA:17,3
DA:18,18
LF:3
LH:3
end_of_record
SF:lib\app\features\data\models\movie_detail_model.dart
DA:7,2
DA:17,1
DA:18,1
DA:19,1
DA:20,1
DA:21,1
DA:22,2
DA:23,1
DA:24,1
DA:26,1
DA:27,1
DA:29,1
DA:33,1
DA:34,1
DA:35,1
DA:36,1
DA:37,1
DA:38,1
DA:39,1
DA:40,1
DA:41,1
LF:21
LH:21
end_of_record
SF:lib\app\features\data\models\movie_production_companies_model.dart
DA:4,1
DA:11,1
DA:12,1
DA:13,1
DA:14,1
DA:15,1
DA:16,1
DA:20,1
DA:23,1
DA:24,1
DA:25,0
DA:30,1
DA:31,1
DA:32,1
DA:33,1
DA:34,1
DA:35,1
LF:17
LH:16
end_of_record
SF:lib\app\features\data\models\movie_production_countries_model.dart
DA:4,1
DA:8,1
DA:9,1
DA:10,1
DA:11,1
DA:15,1
DA:18,1
DA:19,1
DA:20,0
DA:25,1
DA:26,3
LF:11
LH:10
end_of_record
SF:lib\app\features\domain\entities\movie_detail_entity.dart
DA:14,2
DA:24,1
DA:26,1
DA:27,1
DA:28,1
DA:29,1
DA:30,1
DA:31,1
DA:32,1
LF:9
LH:9
end_of_record
SF:lib\app\features\data\models\movie_genres_model.dart
DA:4,1
DA:6,1
DA:7,3
DA:10,1
DA:11,1
DA:12,1
DA:13,0
DA:18,1
DA:19,3
LF:9
LH:8
end_of_record
SF:lib\app\features\domain\entities\movie_genres_entity.dart
DA:6,1
DA:11,1
DA:12,3
LF:3
LH:3
end_of_record
SF:lib\app\features\domain\entities\movie_production_companies_entity.dart
DA:8,1
DA:15,1
DA:16,4
LF:3
LH:3
end_of_record
SF:lib\app\features\domain\entities\movie_production_countries_entity.dart
DA:7,1
DA:10,1
DA:11,3
LF:3
LH:3
end_of_record
SF:lib\app\core\network\dio_client.dart
DA:7,1
DA:8,0
DA:10,0
LF:3
LH:1
end_of_record
SF:lib\app\features\data\datasources\movie_remote_datasource.dart
DA:16,1
DA:18,1
DA:21,3
DA:22,2
DA:23,3
DA:24,1
DA:25,1
DA:26,2
DA:30,0
DA:33,0
DA:34,0
DA:35,0
DA:36,0
DA:37,0
DA:38,0
DA:42,0
DA:45,0
DA:47,0
DA:48,0
DA:49,0
LF:20
LH:8
end_of_record
SF:lib\app\core\network\auth_interceptor.dart
DA:5,0
DA:7,0
DA:9,0
DA:14,0
DA:15,0
DA:16,0
DA:17,0
LF:7
LH:0
end_of_record
SF:lib\app\core\error\failures.dart
DA:7,4
DA:8,4
DA:12,1
DA:13,1
DA:17,0
DA:18,0
LF:6
LH:4
end_of_record
SF:lib\app\features\data\repositories\movie_repository_impl.dart
DA:18,1
DA:24,1
DA:26,2
DA:27,2
DA:31,1
DA:33,2
DA:34,2
DA:38,1
DA:41,2
DA:43,1
DA:44,2
DA:45,1
DA:46,1
DA:47,2
DA:51,2
DA:52,1
DA:53,1
DA:54,2
DA:59,1
DA:61,2
DA:62,2
DA:66,1
DA:69,2
DA:71,1
DA:72,1
DA:73,1
DA:74,2
DA:77,0
LF:28
LH:27
end_of_record
SF:lib\app\features\domain\usecases\get_movie_details_usecase.dart
DA:10,1
DA:12,1
DA:14,2
LF:3
LH:3
end_of_record
SF:lib\app\core\usecases\usecase.dart
DA:11,2
DA:12,2
LF:2
LH:2
end_of_record
SF:lib\app\features\domain\usecases\get_movie_free_to_watch_usecase.dart
DA:11,1
DA:13,1
DA:15,2
LF:3
LH:3
end_of_record
SF:lib\app\features\domain\usecases\get_movie_popular_usecase.dart
DA:10,1
DA:12,1
DA:14,2
LF:3
LH:3
end_of_record
SF:lib\app\features\presentation\home\bloc\movie_popular_bloc\movie_popular_state.dart
DA:4,1
DA:6,1
DA:7,1
DA:17,1
DA:22,1
LF:5
LH:5
end_of_record
SF:lib\app\features\presentation\home\bloc\movie_popular_bloc\movie_popular_event.dart
DA:4,1
DA:6,0
DA:7,0
LF:3
LH:1
end_of_record
SF:lib\app\features\presentation\home\bloc\movie_popular_bloc\movie_popular_bloc.dart
DA:16,1
DA:17,2
DA:18,2
DA:19,2
DA:20,3
DA:21,1
DA:22,2
DA:23,2
DA:25,3
DA:30,1
DA:31,1
DA:32,1
DA:34,0
LF:13
LH:12
end_of_record
SF:lib\app\features\presentation\home\bloc\movie_free_to_watch_bloc\movie_free_to_watch_state.dart
DA:4,1
DA:6,1
DA:7,1
DA:17,1
DA:22,1
LF:5
LH:5
end_of_record
SF:lib\app\features\presentation\home\bloc\movie_free_to_watch_bloc\movie_free_to_watch_bloc.dart
DA:20,1
DA:21,2
DA:22,2
DA:23,2
DA:24,2
DA:25,1
DA:28,1
DA:29,2
DA:30,2
DA:32,1
DA:33,2
DA:38,1
DA:39,1
DA:40,1
DA:42,0
LF:15
LH:14
end_of_record
SF:lib\app\features\presentation\home\bloc\movie_free_to_watch_bloc\movie_free_to_watch_event.dart
DA:4,1
DA:6,0
DA:7,0
LF:3
LH:1
end_of_record
